<?xml version="1.0" encoding="UTF-8"?>
<!-- Generated by org.testng.reporters.JUnitReportReporter -->
<testsuite hostname="DESKTOP-79OAUCM" failures="0" tests="4" name="com.amazon.runners.ProTestNGRunner" time="67.946" errors="0" timestamp="2024-07-31T08:28:59 IST" skipped="0">
  <testcase classname="com.amazon.runners.ProTestNGRunner" name="runScenario" time="14.292"/>
  <testcase classname="com.amazon.runners.ProTestNGRunner" name="runScenario" time="16.580"/>
  <testcase classname="com.amazon.runners.ProTestNGRunner" name="runScenario" time="18.768"/>
  <testcase classname="com.amazon.runners.ProTestNGRunner" name="runScenario" time="18.306"/>
</testsuite> <!-- com.amazon.runners.ProTestNGRunner -->
