<?xml version="1.0" encoding="UTF-8"?>
<!-- Generated by org.testng.reporters.JUnitReportReporter -->
<testsuite hostname="DESKTOP-79OAUCM" failures="0" tests="2" name="com.amazon.runners.ProTestNGRunner" time="28.686" errors="0" timestamp="2024-07-31T18:55:37 IST" skipped="0">
  <testcase classname="com.amazon.runners.ProTestNGRunner" name="runScenario" time="14.343"/>
  <testcase classname="com.amazon.runners.ProTestNGRunner" name="runScenario" time="14.343"/>
</testsuite> <!-- com.amazon.runners.ProTestNGRunner -->
