<?xml version="1.0" encoding="UTF-8"?>
<!-- Generated by org.testng.reporters.JUnitReportReporter -->
<testsuite hostname="DESKTOP-79OAUCM" failures="0" tests="2" name="com.amazon.runners.ProTestNGRunner" time="21.746" errors="0" timestamp="2024-07-31T09:14:41 IST" skipped="0">
  <testcase classname="com.amazon.runners.ProTestNGRunner" name="runScenario" time="8.700"/>
  <testcase classname="com.amazon.runners.ProTestNGRunner" name="runScenario" time="13.046"/>
</testsuite> <!-- com.amazon.runners.ProTestNGRunner -->
